<!DOCTYPE html>

<html>
  <head>
  <meta charset='utf-8'>
  <title>TestNG reports</title>

    <link type="text/css" href="testng-reports1.css" rel="stylesheet" id="ultra" />
    <link type="text/css" href="testng-reports.css" rel="stylesheet" id="retro" disabled="false"/>
    <script type="text/javascript" src="jquery.min.js"></script>
    <script type="text/javascript" src="testng-reports.js"></script>
    <script type="text/javascript" src="https://www.google.com/jsapi"></script>
    <script type='text/javascript'>
      google.load('visualization', '1', {packages:['table']});
      google.setOnLoadCallback(drawTable);
      var suiteTableInitFunctions = new Array();
      var suiteTableData = new Array();
    </script>
    <!--
      <script type="text/javascript" src="jquery-ui/js/jquery-ui-1.8.16.custom.min.js"></script>
     -->
  </head>

  <body>
    <div class="top-banner-root">
      <span class="top-banner-title-font">Test results</span>
      <button class="button" id="button">Switch Retro Theme</button> <!-- button -->
      <br/>
      <span class="top-banner-font-1">1 suite, 3 failed tests</span>
    </div> <!-- top-banner-root -->
    <div class="navigator-root">
      <div class="navigator-suite-header">
        <span>All suites</span>
        <a href="#" class="collapse-all-link" title="Collapse/expand all the suites">
          <img class="collapse-all-icon" src="collapseall.gif">
          </img> <!-- collapse-all-icon -->
        </a> <!-- collapse-all-link -->
      </div> <!-- navigator-suite-header -->
      <div class="suite">
        <div class="rounded-window">
          <div class="suite-header light-rounded-window-top">
            <a href="#" class="navigator-link" panel-name="suite-TestSuite">
              <span class="suite-name border-failed">TestSuite</span>
            </a> <!-- navigator-link -->
          </div> <!-- suite-header light-rounded-window-top -->
          <div class="navigator-suite-content">
            <div class="suite-section-title">
              <span>Info</span>
            </div> <!-- suite-section-title -->
            <div class="suite-section-content">
              <ul>
                <li>
                  <a href="#" class="navigator-link " panel-name="test-xml-TestSuite">
                    <span>E:\git_workspace\wms_automation\testNG.xml</span>
                  </a> <!-- navigator-link  -->
                </li>
                <li>
                  <a href="#" class="navigator-link " panel-name="testlist-TestSuite">
                    <span class="test-stats">1 test</span>
                  </a> <!-- navigator-link  -->
                </li>
                <li>
                  <a href="#" class="navigator-link " panel-name="group-TestSuite">
                    <span>0 groups</span>
                  </a> <!-- navigator-link  -->
                </li>
                <li>
                  <a href="#" class="navigator-link " panel-name="times-TestSuite">
                    <span>Times</span>
                  </a> <!-- navigator-link  -->
                </li>
                <li>
                  <a href="#" class="navigator-link " panel-name="reporter-TestSuite">
                    <span>Reporter output</span>
                  </a> <!-- navigator-link  -->
                </li>
                <li>
                  <a href="#" class="navigator-link " panel-name="ignored-methods-TestSuite">
                    <span>Ignored methods</span>
                  </a> <!-- navigator-link  -->
                </li>
                <li>
                  <a href="#" class="navigator-link " panel-name="chronological-TestSuite">
                    <span>Chronological view</span>
                  </a> <!-- navigator-link  -->
                </li>
              </ul>
            </div> <!-- suite-section-content -->
            <div class="result-section">
              <div class="suite-section-title">
                <span>Results</span>
              </div> <!-- suite-section-title -->
              <div class="suite-section-content">
                <ul>
                  <li>
                    <span class="method-stats">4 methods, 3 failed,   1 passed</span>
                  </li>
                  <li>
                    <span class="method-list-title failed">Failed methods</span>
                    <span class="show-or-hide-methods failed">
                      <a href="#" panel-name="suite-TestSuite" class="hide-methods failed suite-TestSuite"> (hide)</a> <!-- hide-methods failed suite-TestSuite -->
                      <a href="#" panel-name="suite-TestSuite" class="show-methods failed suite-TestSuite"> (show)</a> <!-- show-methods failed suite-TestSuite -->
                    </span>
                    <div class="method-list-content failed suite-TestSuite">
                      <span>
                        <img width="3%" src="failed.png"/>
                        <a href="#" class="method navigator-link" panel-name="suite-TestSuite" title="tests.wms.TestHomePage" hash-for-method="testCustomerLogIn">testCustomerLogIn</a> <!-- method navigator-link -->
                      </span>
                      <br/>
                      <span>
                        <img width="3%" src="failed.png"/>
                        <a href="#" class="method navigator-link" panel-name="suite-TestSuite" title="tests.wms.TestHomePage" hash-for-method="testTier1UserProfileSection">testTier1UserProfileSection</a> <!-- method navigator-link -->
                      </span>
                      <br/>
                      <span>
                        <img width="3%" src="failed.png"/>
                        <a href="#" class="method navigator-link" panel-name="suite-TestSuite" title="tests.wms.TestHomePage" hash-for-method="testVerifyTier1DashboardLinks">testVerifyTier1DashboardLinks</a> <!-- method navigator-link -->
                      </span>
                      <br/>
                    </div> <!-- method-list-content failed suite-TestSuite -->
                  </li>
                  <li>
                    <span class="method-list-title passed">Passed methods</span>
                    <span class="show-or-hide-methods passed">
                      <a href="#" panel-name="suite-TestSuite" class="hide-methods passed suite-TestSuite"> (hide)</a> <!-- hide-methods passed suite-TestSuite -->
                      <a href="#" panel-name="suite-TestSuite" class="show-methods passed suite-TestSuite"> (show)</a> <!-- show-methods passed suite-TestSuite -->
                    </span>
                    <div class="method-list-content passed suite-TestSuite">
                      <span>
                        <img width="3%" src="passed.png"/>
                        <a href="#" class="method navigator-link" panel-name="suite-TestSuite" title="tests.wms.TestHomePage" hash-for-method="testForgotPassword">testForgotPassword</a> <!-- method navigator-link -->
                      </span>
                      <br/>
                    </div> <!-- method-list-content passed suite-TestSuite -->
                  </li>
                </ul>
              </div> <!-- suite-section-content -->
            </div> <!-- result-section -->
          </div> <!-- navigator-suite-content -->
        </div> <!-- rounded-window -->
      </div> <!-- suite -->
    </div> <!-- navigator-root -->
    <div class="wrapper">
      <div class="main-panel-root">
        <div panel-name="suite-TestSuite" class="panel TestSuite">
          <div class="suite-TestSuite-class-failed">
            <div class="main-panel-header rounded-window-top">
              <img src="failed.png"/>
              <span class="class-name">tests.wms.TestHomePage</span>
            </div> <!-- main-panel-header rounded-window-top -->
            <div class="main-panel-content rounded-window-bottom">
              <div class="method">
                <div class="method-content">
                  <a name="testCustomerLogIn">
                  </a> <!-- testCustomerLogIn -->
                  <span class="method-name">testCustomerLogIn</span>
                  <div class="stack-trace">org.openqa.selenium.TimeoutException: Expected condition failed: waiting for visibility of Proxy element for: DefaultElementLocator &apos;By.cssSelector: .error&apos; (tried for 10 second(s) with 500 milliseconds interval)
	at org.openqa.selenium.support.ui.WebDriverWait.timeoutException(WebDriverWait.java:95)
	at org.openqa.selenium.support.ui.FluentWait.until(FluentWait.java:272)
	at pages.wms.HomePage.getErrorMessage(HomePage.java:63)
	at tests.wms.TestHomePage.testCustomerLogIn(TestHomePage.java:48)
	at java.util.ArrayList.forEach(Unknown Source)
Caused by: org.openqa.selenium.NoSuchElementException: no such element: Unable to locate element: {&quot;method&quot;:&quot;css selector&quot;,&quot;selector&quot;:&quot;.error&quot;}
  (Session info: headless chrome=93.0.4577.82)
For documentation on this error, please visit: https://www.seleniumhq.org/exceptions/no_such_element.html
Build info: version: &apos;3.141.59&apos;, revision: &apos;e82be7d358&apos;, time: &apos;2018-11-14T08:17:03&apos;
System info: host: &apos;DESKTOP-0KBR3DP&apos;, ip: &apos;192.168.239.87&apos;, os.name: &apos;Windows 10&apos;, os.arch: &apos;amd64&apos;, os.version: &apos;10.0&apos;, java.version: &apos;1.8.0_251&apos;
Driver info: org.openqa.selenium.chrome.ChromeDriver
Capabilities {acceptInsecureCerts: false, browserName: chrome, browserVersion: 93.0.4577.82, chrome: {chromedriverVersion: 93.0.4577.63 (ff5c0da2ec0ad..., userDataDir: C:\Users\Lenovo\AppData\Loc...}, goog:chromeOptions: {debuggerAddress: localhost:63680}, javascriptEnabled: true, networkConnectionEnabled: false, pageLoadStrategy: normal, platform: WINDOWS, platformName: WINDOWS, proxy: Proxy(), setWindowRect: true, strictFileInteractability: false, timeouts: {implicit: 0, pageLoad: 300000, script: 30000}, unhandledPromptBehavior: dismiss and notify, webauthn:extension:credBlob: true, webauthn:extension:largeBlob: true, webauthn:virtualAuthenticators: true}
Session ID: e800ad4cdce892a75747cfa1a806f728
*** Element info: {Using=css selector, value=.error}
	at org.openqa.selenium.remote.http.W3CHttpResponseCodec.createException(W3CHttpResponseCodec.java:187)
	at org.openqa.selenium.remote.http.W3CHttpResponseCodec.decode(W3CHttpResponseCodec.java:122)
	at org.openqa.selenium.remote.http.W3CHttpResponseCodec.decode(W3CHttpResponseCodec.java:49)
	at org.openqa.selenium.remote.HttpCommandExecutor.execute(HttpCommandExecutor.java:158)
	at org.openqa.selenium.remote.service.DriverCommandExecutor.execute(DriverCommandExecutor.java:83)
	at org.openqa.selenium.remote.RemoteWebDriver.execute(RemoteWebDriver.java:552)
	at org.openqa.selenium.remote.RemoteWebDriver.findElement(RemoteWebDriver.java:323)
	at org.openqa.selenium.remote.RemoteWebDriver.findElementByCssSelector(RemoteWebDriver.java:420)
	at org.openqa.selenium.By$ByCssSelector.findElement(By.java:431)
	at org.openqa.selenium.remote.RemoteWebDriver.findElement(RemoteWebDriver.java:315)
	at org.openqa.selenium.support.pagefactory.DefaultElementLocator.findElement(DefaultElementLocator.java:69)
	at org.openqa.selenium.support.pagefactory.internal.LocatingElementHandler.invoke(LocatingElementHandler.java:38)
	at com.sun.proxy.$Proxy7.isDisplayed(Unknown Source)
	at org.openqa.selenium.support.ui.ExpectedConditions.elementIfVisible(ExpectedConditions.java:314)
	at org.openqa.selenium.support.ui.ExpectedConditions.access$000(ExpectedConditions.java:43)
	at org.openqa.selenium.support.ui.ExpectedConditions$10.apply(ExpectedConditions.java:300)
	at org.openqa.selenium.support.ui.ExpectedConditions$10.apply(ExpectedConditions.java:297)
	at org.openqa.selenium.support.ui.FluentWait.until(FluentWait.java:249)
	... 30 more
... Removed 31 stack frames
</div> <!-- stack-trace -->
                </div> <!-- method-content -->
              </div> <!-- method -->
              <div class="method">
                <div class="method-content">
                  <a name="testTier1UserProfileSection">
                  </a> <!-- testTier1UserProfileSection -->
                  <span class="method-name">testTier1UserProfileSection</span>
                  <div class="stack-trace">org.openqa.selenium.NoSuchElementException: no such element: Unable to locate element: {&quot;method&quot;:&quot;css selector&quot;,&quot;selector&quot;:&quot;span.gx-avatar-name&quot;}
  (Session info: headless chrome=93.0.4577.82)
For documentation on this error, please visit: https://www.seleniumhq.org/exceptions/no_such_element.html
Build info: version: &apos;3.141.59&apos;, revision: &apos;e82be7d358&apos;, time: &apos;2018-11-14T08:17:03&apos;
System info: host: &apos;DESKTOP-0KBR3DP&apos;, ip: &apos;192.168.239.87&apos;, os.name: &apos;Windows 10&apos;, os.arch: &apos;amd64&apos;, os.version: &apos;10.0&apos;, java.version: &apos;1.8.0_251&apos;
Driver info: org.openqa.selenium.chrome.ChromeDriver
Capabilities {acceptInsecureCerts: false, browserName: chrome, browserVersion: 93.0.4577.82, chrome: {chromedriverVersion: 93.0.4577.63 (ff5c0da2ec0ad..., userDataDir: C:\Users\Lenovo\AppData\Loc...}, goog:chromeOptions: {debuggerAddress: localhost:49275}, javascriptEnabled: true, networkConnectionEnabled: false, pageLoadStrategy: normal, platform: WINDOWS, platformName: WINDOWS, proxy: Proxy(), setWindowRect: true, strictFileInteractability: false, timeouts: {implicit: 0, pageLoad: 300000, script: 30000}, unhandledPromptBehavior: dismiss and notify, webauthn:extension:credBlob: true, webauthn:extension:largeBlob: true, webauthn:virtualAuthenticators: true}
Session ID: 807eef8f4443bb77207c8328b0fe8201
*** Element info: {Using=css selector, value=span.gx-avatar-name}
	at org.openqa.selenium.remote.http.W3CHttpResponseCodec.createException(W3CHttpResponseCodec.java:187)
	at org.openqa.selenium.remote.http.W3CHttpResponseCodec.decode(W3CHttpResponseCodec.java:122)
	at org.openqa.selenium.remote.http.W3CHttpResponseCodec.decode(W3CHttpResponseCodec.java:49)
	at org.openqa.selenium.remote.HttpCommandExecutor.execute(HttpCommandExecutor.java:158)
	at org.openqa.selenium.remote.service.DriverCommandExecutor.execute(DriverCommandExecutor.java:83)
	at org.openqa.selenium.remote.RemoteWebDriver.execute(RemoteWebDriver.java:552)
	at org.openqa.selenium.remote.RemoteWebDriver.findElement(RemoteWebDriver.java:323)
	at org.openqa.selenium.remote.RemoteWebDriver.findElementByCssSelector(RemoteWebDriver.java:420)
	at org.openqa.selenium.By$ByCssSelector.findElement(By.java:431)
	at org.openqa.selenium.remote.RemoteWebDriver.findElement(RemoteWebDriver.java:315)
	at org.openqa.selenium.support.pagefactory.DefaultElementLocator.findElement(DefaultElementLocator.java:69)
	at org.openqa.selenium.support.pagefactory.internal.LocatingElementHandler.invoke(LocatingElementHandler.java:38)
	at com.sun.proxy.$Proxy7.getText(Unknown Source)
	at pages.wms.Tier1DashBoardPage.getWelcomeMessage(Tier1DashBoardPage.java:57)
	at tests.wms.TestHomePage.testTier1UserProfileSection(TestHomePage.java:134)
	at java.util.ArrayList.forEach(Unknown Source)
... Removed 31 stack frames
</div> <!-- stack-trace -->
                </div> <!-- method-content -->
              </div> <!-- method -->
              <div class="method">
                <div class="method-content">
                  <a name="testVerifyTier1DashboardLinks">
                  </a> <!-- testVerifyTier1DashboardLinks -->
                  <span class="method-name">testVerifyTier1DashboardLinks</span>
                  <div class="stack-trace">org.openqa.selenium.NoSuchElementException: no such element: Unable to locate element: {&quot;method&quot;:&quot;css selector&quot;,&quot;selector&quot;:&quot;span.gx-avatar-name&quot;}
  (Session info: headless chrome=93.0.4577.82)
For documentation on this error, please visit: https://www.seleniumhq.org/exceptions/no_such_element.html
Build info: version: &apos;3.141.59&apos;, revision: &apos;e82be7d358&apos;, time: &apos;2018-11-14T08:17:03&apos;
System info: host: &apos;DESKTOP-0KBR3DP&apos;, ip: &apos;192.168.239.87&apos;, os.name: &apos;Windows 10&apos;, os.arch: &apos;amd64&apos;, os.version: &apos;10.0&apos;, java.version: &apos;1.8.0_251&apos;
Driver info: org.openqa.selenium.chrome.ChromeDriver
Capabilities {acceptInsecureCerts: false, browserName: chrome, browserVersion: 93.0.4577.82, chrome: {chromedriverVersion: 93.0.4577.63 (ff5c0da2ec0ad..., userDataDir: C:\Users\Lenovo\AppData\Loc...}, goog:chromeOptions: {debuggerAddress: localhost:65359}, javascriptEnabled: true, networkConnectionEnabled: false, pageLoadStrategy: normal, platform: WINDOWS, platformName: WINDOWS, proxy: Proxy(), setWindowRect: true, strictFileInteractability: false, timeouts: {implicit: 0, pageLoad: 300000, script: 30000}, unhandledPromptBehavior: dismiss and notify, webauthn:extension:credBlob: true, webauthn:extension:largeBlob: true, webauthn:virtualAuthenticators: true}
Session ID: 9bf2519c65920ab13ab1b4910fc9b1fa
*** Element info: {Using=css selector, value=span.gx-avatar-name}
	at org.openqa.selenium.remote.http.W3CHttpResponseCodec.createException(W3CHttpResponseCodec.java:187)
	at org.openqa.selenium.remote.http.W3CHttpResponseCodec.decode(W3CHttpResponseCodec.java:122)
	at org.openqa.selenium.remote.http.W3CHttpResponseCodec.decode(W3CHttpResponseCodec.java:49)
	at org.openqa.selenium.remote.HttpCommandExecutor.execute(HttpCommandExecutor.java:158)
	at org.openqa.selenium.remote.service.DriverCommandExecutor.execute(DriverCommandExecutor.java:83)
	at org.openqa.selenium.remote.RemoteWebDriver.execute(RemoteWebDriver.java:552)
	at org.openqa.selenium.remote.RemoteWebDriver.findElement(RemoteWebDriver.java:323)
	at org.openqa.selenium.remote.RemoteWebDriver.findElementByCssSelector(RemoteWebDriver.java:420)
	at org.openqa.selenium.By$ByCssSelector.findElement(By.java:431)
	at org.openqa.selenium.remote.RemoteWebDriver.findElement(RemoteWebDriver.java:315)
	at org.openqa.selenium.support.pagefactory.DefaultElementLocator.findElement(DefaultElementLocator.java:69)
	at org.openqa.selenium.support.pagefactory.internal.LocatingElementHandler.invoke(LocatingElementHandler.java:38)
	at com.sun.proxy.$Proxy7.getText(Unknown Source)
	at pages.wms.Tier1DashBoardPage.getWelcomeMessage(Tier1DashBoardPage.java:57)
	at tests.wms.TestHomePage.testVerifyTier1DashboardLinks(TestHomePage.java:114)
	at java.util.ArrayList.forEach(Unknown Source)
... Removed 31 stack frames
</div> <!-- stack-trace -->
                </div> <!-- method-content -->
              </div> <!-- method -->
            </div> <!-- main-panel-content rounded-window-bottom -->
          </div> <!-- suite-TestSuite-class-failed -->
          <div class="suite-TestSuite-class-passed">
            <div class="main-panel-header rounded-window-top">
              <img src="passed.png"/>
              <span class="class-name">tests.wms.TestHomePage</span>
            </div> <!-- main-panel-header rounded-window-top -->
            <div class="main-panel-content rounded-window-bottom">
              <div class="method">
                <div class="method-content">
                  <a name="testForgotPassword">
                  </a> <!-- testForgotPassword -->
                  <span class="method-name">testForgotPassword</span>
                </div> <!-- method-content -->
              </div> <!-- method -->
            </div> <!-- main-panel-content rounded-window-bottom -->
          </div> <!-- suite-TestSuite-class-passed -->
        </div> <!-- panel TestSuite -->
        <div panel-name="test-xml-TestSuite" class="panel">
          <div class="main-panel-header rounded-window-top">
            <span class="header-content">E:\git_workspace\wms_automation\testNG.xml</span>
          </div> <!-- main-panel-header rounded-window-top -->
          <div class="main-panel-content rounded-window-bottom">
            <pre>
&lt;?xml version=&quot;1.0&quot; encoding=&quot;UTF-8&quot;?&gt;
&lt;!DOCTYPE suite SYSTEM &quot;https://testng.org/testng-1.0.dtd&quot;&gt;
&lt;suite guice-stage=&quot;DEVELOPMENT&quot; name=&quot;TestSuite&quot;&gt;
  &lt;parameter name=&quot;browserType&quot; value=&quot;chrome&quot;/&gt;
  &lt;listeners&gt;
    &lt;listener class-name=&quot;reports.TestListener&quot;/&gt;
  &lt;/listeners&gt;
  &lt;test thread-count=&quot;5&quot; name=&quot;Tests&quot;&gt;
    &lt;packages&gt;
      &lt;package name=&quot;.*&quot;/&gt;
    &lt;/packages&gt;
    &lt;classes&gt;
      &lt;class name=&quot;baseTestScripts.TestData&quot;/&gt;
      &lt;class name=&quot;baseTestScripts.TestNGBaseTest&quot;/&gt;
      &lt;class name=&quot;tests.wms.DemoTest&quot;/&gt;
      &lt;class name=&quot;tests.wms.TestHomePage&quot;/&gt;
      &lt;class name=&quot;framework.BaseFragment&quot;/&gt;
      &lt;class name=&quot;framework.CommonModal&quot;/&gt;
      &lt;class name=&quot;framework.CommonPage&quot;/&gt;
      &lt;class name=&quot;framework.TestDocumentation&quot;/&gt;
      &lt;class name=&quot;pages.wms.HomePage&quot;/&gt;
      &lt;class name=&quot;pages.wms.Tier1DashBoardPage&quot;/&gt;
      &lt;class name=&quot;pages.wms.UserProfilePage&quot;/&gt;
      &lt;class name=&quot;reports.ExtentManager&quot;/&gt;
      &lt;class name=&quot;reports.ExtentTestManager&quot;/&gt;
      &lt;class name=&quot;reports.TestListener&quot;/&gt;
      &lt;class name=&quot;utils.AssertUtil&quot;/&gt;
      &lt;class name=&quot;utils.GeneratorUtils&quot;/&gt;
      &lt;class name=&quot;utils.ReportUtils&quot;/&gt;
    &lt;/classes&gt;
  &lt;/test&gt; &lt;!-- Tests --&gt;
&lt;/suite&gt; &lt;!-- TestSuite --&gt;
            </pre>
          </div> <!-- main-panel-content rounded-window-bottom -->
        </div> <!-- panel -->
        <div panel-name="testlist-TestSuite" class="panel">
          <div class="main-panel-header rounded-window-top">
            <span class="header-content">Tests for TestSuite</span>
          </div> <!-- main-panel-header rounded-window-top -->
          <div class="main-panel-content rounded-window-bottom">
            <ul>
              <li>
                <span class="test-name">Tests (17 classes)</span>
              </li>
            </ul>
          </div> <!-- main-panel-content rounded-window-bottom -->
        </div> <!-- panel -->
        <div panel-name="group-TestSuite" class="panel">
          <div class="main-panel-header rounded-window-top">
            <span class="header-content">Groups for TestSuite</span>
          </div> <!-- main-panel-header rounded-window-top -->
          <div class="main-panel-content rounded-window-bottom">
          </div> <!-- main-panel-content rounded-window-bottom -->
        </div> <!-- panel -->
        <div panel-name="times-TestSuite" class="panel">
          <div class="main-panel-header rounded-window-top">
            <span class="header-content">Times for TestSuite</span>
          </div> <!-- main-panel-header rounded-window-top -->
          <div class="main-panel-content rounded-window-bottom">
            <div class="times-div">
              <script type="text/javascript">
suiteTableInitFunctions.push('tableData_TestSuite');
function tableData_TestSuite() {
var data = new google.visualization.DataTable();
data.addColumn('number', 'Number');
data.addColumn('string', 'Method');
data.addColumn('string', 'Class');
data.addColumn('number', 'Time (ms)');
data.addRows(4);
data.setCell(0, 0, 0)
data.setCell(0, 1, 'testCustomerLogIn')
data.setCell(0, 2, 'tests.wms.TestHomePage')
data.setCell(0, 3, 88461);
data.setCell(1, 0, 1)
data.setCell(1, 1, 'testVerifyTier1DashboardLinks')
data.setCell(1, 2, 'tests.wms.TestHomePage')
data.setCell(1, 3, 42152);
data.setCell(2, 0, 2)
data.setCell(2, 1, 'testTier1UserProfileSection')
data.setCell(2, 2, 'tests.wms.TestHomePage')
data.setCell(2, 3, 41523);
data.setCell(3, 0, 3)
data.setCell(3, 1, 'testForgotPassword')
data.setCell(3, 2, 'tests.wms.TestHomePage')
data.setCell(3, 3, 15468);
window.suiteTableData['TestSuite']= { tableData: data, tableDiv: 'times-div-TestSuite'}
return data;
}
              </script>
              <span class="suite-total-time">Total running time: 3 minutes</span>
              <div id="times-div-TestSuite">
              </div> <!-- times-div-TestSuite -->
            </div> <!-- times-div -->
          </div> <!-- main-panel-content rounded-window-bottom -->
        </div> <!-- panel -->
        <div panel-name="reporter-TestSuite" class="panel">
          <div class="main-panel-header rounded-window-top">
            <span class="header-content">Reporter output for TestSuite</span>
          </div> <!-- main-panel-header rounded-window-top -->
          <div class="main-panel-content rounded-window-bottom">
            <div class="reporter-method-div">
              <span class="reporter-method-name">testForgotPassword</span>
              <div class="reporter-method-output-div">
                <span class="reporter-method-output">STEP - *** Running test method testForgotPassword...</span>
                <span class="reporter-method-output">TestNumber - TC_2</span>
                <span class="reporter-method-output">Coverage - Verifies that only authenticated user will be able to reset his password using valid email.</span>
                <span class="reporter-method-output">CreateDate - 01/09/2021</span>
                <span class="reporter-method-output">STEP - Launch Browser Successfully...</span>
                <span class="reporter-method-output">STEP - Navigate to WMS Website Home Page.</span>
                <span class="reporter-method-output">Verified - WMS Website Opened Successfully...</span>
                <span class="reporter-method-output">Verified - Login Page is Displayed</span>
                <span class="reporter-method-output">STEP - Navigate to Forgot Password</span>
                <span class="reporter-method-output">STEP - Click Link As - Forgot Password?</span>
                <span class="reporter-method-output">Verified - Forgotten Password is Displayed</span>
                <span class="reporter-method-output">STEP - Enter blank Username and Submit</span>
                <span class="reporter-method-output">STEP - Set - </span>
                <span class="reporter-method-output">STEP - Click - Submit</span>
                <span class="reporter-method-output">Verified - Please input your E-mail! - Message is Displayed</span>
                <span class="reporter-method-output">STEP - Enter Invalid Username and Submit</span>
                <span class="reporter-method-output">STEP - Set - abc</span>
                <span class="reporter-method-output">Verified - The input is not valid E-mail! - Message is Displayed</span>
                <span class="reporter-method-output">STEP - Navigate Back to Log In</span>
                <span class="reporter-method-output">STEP - Click Link As - Back to login</span>
                <span class="reporter-method-output">Verified - Login Page is Displayed</span>
                <span class="reporter-method-output">STEP - Closing Browser Successfully...</span>
                <span class="reporter-method-output">STEP - *** Executed testForgotPassword test successfully...</span>
              </div> <!-- reporter-method-output-div -->
            </div> <!-- reporter-method-div -->
            <div class="reporter-method-div">
              <span class="reporter-method-name">testTier1UserProfileSection</span>
              <div class="reporter-method-output-div">
                <span class="reporter-method-output">STEP - *** Running test method testTier1UserProfileSection...</span>
                <span class="reporter-method-output">TestNumber - TC_4</span>
                <span class="reporter-method-output">Coverage - Verifies that Tier 1 user can see user profile from My profile section of Tier 1 Dashboard.</span>
                <span class="reporter-method-output">CreateDate - 02/09/2021</span>
                <span class="reporter-method-output">STEP - Launch Browser Successfully...</span>
                <span class="reporter-method-output">STEP - Navigate to WMS Website Home Page.</span>
                <span class="reporter-method-output">Verified - WMS Website Opened Successfully...</span>
                <span class="reporter-method-output">Verified - Login Page is Displayed</span>
                <span class="reporter-method-output">STEP - Enter Valid Username, Password and Sign In</span>
                <span class="reporter-method-output">STEP - Set - abhijeet@elsner.in</span>
                <span class="reporter-method-output">STEP - Set - Test@123</span>
                <span class="reporter-method-output">STEP - Click - Sign In</span>
                <span class="reporter-method-output">STEP - *** Test execution testTier1UserProfileSection failed...</span>
              </div> <!-- reporter-method-output-div -->
            </div> <!-- reporter-method-div -->
            <div class="reporter-method-div">
              <span class="reporter-method-name">testVerifyTier1DashboardLinks</span>
              <div class="reporter-method-output-div">
                <span class="reporter-method-output">STEP - *** Running test method testVerifyTier1DashboardLinks...</span>
                <span class="reporter-method-output">TestNumber - TC_3</span>
                <span class="reporter-method-output">Coverage - Verifies that Tier 1 Dashboard hyperlinks are accessible.</span>
                <span class="reporter-method-output">CreateDate - 01/09/2021</span>
                <span class="reporter-method-output">STEP - Launch Browser Successfully...</span>
                <span class="reporter-method-output">STEP - Navigate to WMS Website Home Page.</span>
                <span class="reporter-method-output">Verified - WMS Website Opened Successfully...</span>
                <span class="reporter-method-output">Verified - Login Page is Displayed</span>
                <span class="reporter-method-output">STEP - Enter Valid Username, Password and Sign In</span>
                <span class="reporter-method-output">STEP - Set - abhijeet@elsner.in</span>
                <span class="reporter-method-output">STEP - Set - Test@123</span>
                <span class="reporter-method-output">STEP - Click - Sign In</span>
                <span class="reporter-method-output">STEP - *** Test execution testVerifyTier1DashboardLinks failed...</span>
              </div> <!-- reporter-method-output-div -->
            </div> <!-- reporter-method-div -->
            <div class="reporter-method-div">
              <span class="reporter-method-name">testCustomerLogIn</span>
              <div class="reporter-method-output-div">
                <span class="reporter-method-output">STEP - *** Running test method testCustomerLogIn...</span>
                <span class="reporter-method-output">TestNumber - TC_1</span>
                <span class="reporter-method-output">Coverage - Verifies that a authorised client User can log in and see profile.</span>
                <span class="reporter-method-output">CreateDate - 01/09/2021</span>
                <span class="reporter-method-output">STEP - Launch Browser Successfully...</span>
                <span class="reporter-method-output">STEP - Navigate to WMS Website Home Page.</span>
                <span class="reporter-method-output">Verified - WMS Website Opened Successfully...</span>
                <span class="reporter-method-output">Verified - Login Page is Displayed</span>
                <span class="reporter-method-output">STEP - Enter blank Username, Set Password and Sign In</span>
                <span class="reporter-method-output">STEP - Set - </span>
                <span class="reporter-method-output">STEP - Set - </span>
                <span class="reporter-method-output">STEP - Click - Sign In</span>
                <span class="reporter-method-output">Verified - The input is not valid E-mail! - Message is Displayed</span>
                <span class="reporter-method-output">STEP - Enter Valid Username, blank Password and Sign In</span>
                <span class="reporter-method-output">STEP - Set - abhijeet@elsner.in</span>
                <span class="reporter-method-output">STEP - Set - </span>
                <span class="reporter-method-output">STEP - Click - Sign In</span>
                <span class="reporter-method-output">Verified - Please input your Password! - Message is Displayed</span>
                <span class="reporter-method-output">STEP - Enter Invalid Username, Password and Sign In</span>
                <span class="reporter-method-output">STEP - Set - abc@test.com</span>
                <span class="reporter-method-output">STEP - Set - Test@123</span>
                <span class="reporter-method-output">STEP - Click - Sign In</span>
                <span class="reporter-method-output">STEP - *** Test execution testCustomerLogIn failed...</span>
              </div> <!-- reporter-method-output-div -->
            </div> <!-- reporter-method-div -->
          </div> <!-- main-panel-content rounded-window-bottom -->
        </div> <!-- panel -->
        <div panel-name="ignored-methods-TestSuite" class="panel">
          <div class="main-panel-header rounded-window-top">
            <span class="header-content">0 ignored methods</span>
          </div> <!-- main-panel-header rounded-window-top -->
          <div class="main-panel-content rounded-window-bottom">
          </div> <!-- main-panel-content rounded-window-bottom -->
        </div> <!-- panel -->
        <div panel-name="chronological-TestSuite" class="panel">
          <div class="main-panel-header rounded-window-top">
            <span class="header-content">Methods in chronological order</span>
          </div> <!-- main-panel-header rounded-window-top -->
          <div class="main-panel-content rounded-window-bottom">
            <div class="chronological-class">
              <div class="chronological-class-name">tests.wms.TestHomePage</div> <!-- chronological-class-name -->
              <div class="test-method">
                <img src="failed.png">
                </img>
                <span class="method-name">testCustomerLogIn</span>
                <span class="method-start">0 ms</span>
              </div> <!-- test-method -->
              <div class="test-method">
                <span class="method-name">testForgotPassword</span>
                <span class="method-start">88475 ms</span>
              </div> <!-- test-method -->
              <div class="test-method">
                <img src="failed.png">
                </img>
                <span class="method-name">testTier1UserProfileSection</span>
                <span class="method-start">103948 ms</span>
              </div> <!-- test-method -->
              <div class="test-method">
                <img src="failed.png">
                </img>
                <span class="method-name">testVerifyTier1DashboardLinks</span>
                <span class="method-start">145482 ms</span>
              </div> <!-- test-method -->
          </div> <!-- main-panel-content rounded-window-bottom -->
        </div> <!-- panel -->
      </div> <!-- main-panel-root -->
    </div> <!-- wrapper -->
  </body>
<script type="text/javascript" src="testng-reports2.js"></script>
</html>
