<?xml version="1.0" encoding="UTF-8"?>
<testng-results skipped="0" failed="3" ignored="0" total="4" passed="1">
  <reporter-output>
    <line>
      <![CDATA[STEP - *** Test Suite Tests started ***]]>
    </line>
    <line>
      <![CDATA[STEP - *** Running test method testCustomerLogIn...]]>
    </line>
    <line>
      <![CDATA[TestNumber - TC_1]]>
    </line>
    <line>
      <![CDATA[Coverage - Verifies that a authorised client User can log in and see profile.]]>
    </line>
    <line>
      <![CDATA[CreateDate - 01/09/2021]]>
    </line>
    <line>
      <![CDATA[STEP - Launch Browser Successfully...]]>
    </line>
    <line>
      <![CDATA[STEP - Navigate to WMS Website Home Page.]]>
    </line>
    <line>
      <![CDATA[Verified - WMS Website Opened Successfully...]]>
    </line>
    <line>
      <![CDATA[Verified - Login Page is Displayed]]>
    </line>
    <line>
      <![CDATA[STEP - Enter blank Username, Set Password and Sign In]]>
    </line>
    <line>
      <![CDATA[STEP - Set - ]]>
    </line>
    <line>
      <![CDATA[STEP - Set - ]]>
    </line>
    <line>
      <![CDATA[STEP - Click - Sign In]]>
    </line>
    <line>
      <![CDATA[Verified - The input is not valid E-mail! - Message is Displayed]]>
    </line>
    <line>
      <![CDATA[STEP - Enter Valid Username, blank Password and Sign In]]>
    </line>
    <line>
      <![CDATA[STEP - Set - abhijeet@elsner.in]]>
    </line>
    <line>
      <![CDATA[STEP - Set - ]]>
    </line>
    <line>
      <![CDATA[STEP - Click - Sign In]]>
    </line>
    <line>
      <![CDATA[Verified - Please input your Password! - Message is Displayed]]>
    </line>
    <line>
      <![CDATA[STEP - Enter Invalid Username, Password and Sign In]]>
    </line>
    <line>
      <![CDATA[STEP - Set - abc@test.com]]>
    </line>
    <line>
      <![CDATA[STEP - Set - Test@123]]>
    </line>
    <line>
      <![CDATA[STEP - Click - Sign In]]>
    </line>
    <line>
      <![CDATA[STEP - *** Test execution testCustomerLogIn failed...]]>
    </line>
    <line>
      <![CDATA[STEP - *** Running test method testForgotPassword...]]>
    </line>
    <line>
      <![CDATA[TestNumber - TC_2]]>
    </line>
    <line>
      <![CDATA[Coverage - Verifies that only authenticated user will be able to reset his password using valid email.]]>
    </line>
    <line>
      <![CDATA[CreateDate - 01/09/2021]]>
    </line>
    <line>
      <![CDATA[STEP - Launch Browser Successfully...]]>
    </line>
    <line>
      <![CDATA[STEP - Navigate to WMS Website Home Page.]]>
    </line>
    <line>
      <![CDATA[Verified - WMS Website Opened Successfully...]]>
    </line>
    <line>
      <![CDATA[Verified - Login Page is Displayed]]>
    </line>
    <line>
      <![CDATA[STEP - Navigate to Forgot Password]]>
    </line>
    <line>
      <![CDATA[STEP - Click Link As - Forgot Password?]]>
    </line>
    <line>
      <![CDATA[Verified - Forgotten Password is Displayed]]>
    </line>
    <line>
      <![CDATA[STEP - Enter blank Username and Submit]]>
    </line>
    <line>
      <![CDATA[STEP - Set - ]]>
    </line>
    <line>
      <![CDATA[STEP - Click - Submit]]>
    </line>
    <line>
      <![CDATA[Verified - Please input your E-mail! - Message is Displayed]]>
    </line>
    <line>
      <![CDATA[STEP - Enter Invalid Username and Submit]]>
    </line>
    <line>
      <![CDATA[STEP - Set - abc]]>
    </line>
    <line>
      <![CDATA[Verified - The input is not valid E-mail! - Message is Displayed]]>
    </line>
    <line>
      <![CDATA[STEP - Navigate Back to Log In]]>
    </line>
    <line>
      <![CDATA[STEP - Click Link As - Back to login]]>
    </line>
    <line>
      <![CDATA[Verified - Login Page is Displayed]]>
    </line>
    <line>
      <![CDATA[STEP - Closing Browser Successfully...]]>
    </line>
    <line>
      <![CDATA[STEP - *** Executed testForgotPassword test successfully...]]>
    </line>
    <line>
      <![CDATA[STEP - *** Running test method testTier1UserProfileSection...]]>
    </line>
    <line>
      <![CDATA[TestNumber - TC_4]]>
    </line>
    <line>
      <![CDATA[Coverage - Verifies that Tier 1 user can see user profile from My profile section of Tier 1 Dashboard.]]>
    </line>
    <line>
      <![CDATA[CreateDate - 02/09/2021]]>
    </line>
    <line>
      <![CDATA[STEP - Launch Browser Successfully...]]>
    </line>
    <line>
      <![CDATA[STEP - Navigate to WMS Website Home Page.]]>
    </line>
    <line>
      <![CDATA[Verified - WMS Website Opened Successfully...]]>
    </line>
    <line>
      <![CDATA[Verified - Login Page is Displayed]]>
    </line>
    <line>
      <![CDATA[STEP - Enter Valid Username, Password and Sign In]]>
    </line>
    <line>
      <![CDATA[STEP - Set - abhijeet@elsner.in]]>
    </line>
    <line>
      <![CDATA[STEP - Set - Test@123]]>
    </line>
    <line>
      <![CDATA[STEP - Click - Sign In]]>
    </line>
    <line>
      <![CDATA[STEP - *** Test execution testTier1UserProfileSection failed...]]>
    </line>
    <line>
      <![CDATA[STEP - *** Running test method testVerifyTier1DashboardLinks...]]>
    </line>
    <line>
      <![CDATA[TestNumber - TC_3]]>
    </line>
    <line>
      <![CDATA[Coverage - Verifies that Tier 1 Dashboard hyperlinks are accessible.]]>
    </line>
    <line>
      <![CDATA[CreateDate - 01/09/2021]]>
    </line>
    <line>
      <![CDATA[STEP - Launch Browser Successfully...]]>
    </line>
    <line>
      <![CDATA[STEP - Navigate to WMS Website Home Page.]]>
    </line>
    <line>
      <![CDATA[Verified - WMS Website Opened Successfully...]]>
    </line>
    <line>
      <![CDATA[Verified - Login Page is Displayed]]>
    </line>
    <line>
      <![CDATA[STEP - Enter Valid Username, Password and Sign In]]>
    </line>
    <line>
      <![CDATA[STEP - Set - abhijeet@elsner.in]]>
    </line>
    <line>
      <![CDATA[STEP - Set - Test@123]]>
    </line>
    <line>
      <![CDATA[STEP - Click - Sign In]]>
    </line>
    <line>
      <![CDATA[STEP - *** Test execution testVerifyTier1DashboardLinks failed...]]>
    </line>
  </reporter-output>
  <suite name="TestSuite" duration-ms="187686" started-at="2021-09-20T12:36:52 IST" finished-at="2021-09-20T12:40:00 IST">
    <groups>
    </groups>
    <test name="Tests" duration-ms="187686" started-at="2021-09-20T12:36:52 IST" finished-at="2021-09-20T12:40:00 IST">
      <class name="tests.wms.TestHomePage">
        <test-method status="FAIL" signature="testCustomerLogIn()[pri:0, instance:tests.wms.TestHomePage@4eb7f003]" name="testCustomerLogIn" duration-ms="88461" started-at="2021-09-20T12:36:52 IST" finished-at="2021-09-20T12:38:20 IST">
          <exception class="org.openqa.selenium.TimeoutException">
            <message>
              <![CDATA[Expected condition failed: waiting for visibility of Proxy element for: DefaultElementLocator 'By.cssSelector: .error' (tried for 10 second(s) with 500 milliseconds interval)]]>
            </message>
            <full-stacktrace>
              <![CDATA[org.openqa.selenium.TimeoutException: Expected condition failed: waiting for visibility of Proxy element for: DefaultElementLocator 'By.cssSelector: .error' (tried for 10 second(s) with 500 milliseconds interval)
at org.openqa.selenium.support.ui.WebDriverWait.timeoutException(WebDriverWait.java:95)
at org.openqa.selenium.support.ui.FluentWait.until(FluentWait.java:272)
at pages.wms.HomePage.getErrorMessage(HomePage.java:63)
at tests.wms.TestHomePage.testCustomerLogIn(TestHomePage.java:48)
at sun.reflect.NativeMethodAccessorImpl.invoke0(Native Method)
at sun.reflect.NativeMethodAccessorImpl.invoke(Unknown Source)
at sun.reflect.DelegatingMethodAccessorImpl.invoke(Unknown Source)
at java.lang.reflect.Method.invoke(Unknown Source)
at org.testng.internal.MethodInvocationHelper.invokeMethod(MethodInvocationHelper.java:133)
at org.testng.internal.TestInvoker.invokeMethod(TestInvoker.java:598)
at org.testng.internal.TestInvoker.invokeTestMethod(TestInvoker.java:173)
at org.testng.internal.MethodRunner.runInSequence(MethodRunner.java:46)
at org.testng.internal.TestInvoker$MethodInvocationAgent.invoke(TestInvoker.java:824)
at org.testng.internal.TestInvoker.invokeTestMethods(TestInvoker.java:146)
at org.testng.internal.TestMethodWorker.invokeTestMethods(TestMethodWorker.java:146)
at org.testng.internal.TestMethodWorker.run(TestMethodWorker.java:128)
at java.util.ArrayList.forEach(Unknown Source)
at org.testng.TestRunner.privateRun(TestRunner.java:794)
at org.testng.TestRunner.run(TestRunner.java:596)
at org.testng.SuiteRunner.runTest(SuiteRunner.java:377)
at org.testng.SuiteRunner.runSequentially(SuiteRunner.java:371)
at org.testng.SuiteRunner.privateRun(SuiteRunner.java:332)
at org.testng.SuiteRunner.run(SuiteRunner.java:276)
at org.testng.SuiteRunnerWorker.runSuite(SuiteRunnerWorker.java:53)
at org.testng.SuiteRunnerWorker.run(SuiteRunnerWorker.java:96)
at org.testng.TestNG.runSuitesSequentially(TestNG.java:1212)
at org.testng.TestNG.runSuitesLocally(TestNG.java:1134)
at org.testng.TestNG.runSuites(TestNG.java:1063)
at org.testng.TestNG.run(TestNG.java:1031)
at org.testng.remote.AbstractRemoteTestNG.run(AbstractRemoteTestNG.java:115)
at org.testng.remote.RemoteTestNG.initAndRun(RemoteTestNG.java:251)
at org.testng.remote.RemoteTestNG.main(RemoteTestNG.java:77)
Caused by: org.openqa.selenium.NoSuchElementException: no such element: Unable to locate element: {"method":"css selector","selector":".error"}
  (Session info: headless chrome=93.0.4577.82)
For documentation on this error, please visit: https://www.seleniumhq.org/exceptions/no_such_element.html
Build info: version: '3.141.59', revision: 'e82be7d358', time: '2018-11-14T08:17:03'
System info: host: 'DESKTOP-0KBR3DP', ip: '192.168.239.87', os.name: 'Windows 10', os.arch: 'amd64', os.version: '10.0', java.version: '1.8.0_251'
Driver info: org.openqa.selenium.chrome.ChromeDriver
Capabilities {acceptInsecureCerts: false, browserName: chrome, browserVersion: 93.0.4577.82, chrome: {chromedriverVersion: 93.0.4577.63 (ff5c0da2ec0ad..., userDataDir: C:\Users\Lenovo\AppData\Loc...}, goog:chromeOptions: {debuggerAddress: localhost:63680}, javascriptEnabled: true, networkConnectionEnabled: false, pageLoadStrategy: normal, platform: WINDOWS, platformName: WINDOWS, proxy: Proxy(), setWindowRect: true, strictFileInteractability: false, timeouts: {implicit: 0, pageLoad: 300000, script: 30000}, unhandledPromptBehavior: dismiss and notify, webauthn:extension:credBlob: true, webauthn:extension:largeBlob: true, webauthn:virtualAuthenticators: true}
Session ID: e800ad4cdce892a75747cfa1a806f728
*** Element info: {Using=css selector, value=.error}
at sun.reflect.NativeConstructorAccessorImpl.newInstance0(Native Method)
at sun.reflect.NativeConstructorAccessorImpl.newInstance(Unknown Source)
at sun.reflect.DelegatingConstructorAccessorImpl.newInstance(Unknown Source)
at java.lang.reflect.Constructor.newInstance(Unknown Source)
at org.openqa.selenium.remote.http.W3CHttpResponseCodec.createException(W3CHttpResponseCodec.java:187)
at org.openqa.selenium.remote.http.W3CHttpResponseCodec.decode(W3CHttpResponseCodec.java:122)
at org.openqa.selenium.remote.http.W3CHttpResponseCodec.decode(W3CHttpResponseCodec.java:49)
at org.openqa.selenium.remote.HttpCommandExecutor.execute(HttpCommandExecutor.java:158)
at org.openqa.selenium.remote.service.DriverCommandExecutor.execute(DriverCommandExecutor.java:83)
at org.openqa.selenium.remote.RemoteWebDriver.execute(RemoteWebDriver.java:552)
at org.openqa.selenium.remote.RemoteWebDriver.findElement(RemoteWebDriver.java:323)
at org.openqa.selenium.remote.RemoteWebDriver.findElementByCssSelector(RemoteWebDriver.java:420)
at org.openqa.selenium.By$ByCssSelector.findElement(By.java:431)
at org.openqa.selenium.remote.RemoteWebDriver.findElement(RemoteWebDriver.java:315)
at org.openqa.selenium.support.pagefactory.DefaultElementLocator.findElement(DefaultElementLocator.java:69)
at org.openqa.selenium.support.pagefactory.internal.LocatingElementHandler.invoke(LocatingElementHandler.java:38)
at com.sun.proxy.$Proxy7.isDisplayed(Unknown Source)
at org.openqa.selenium.support.ui.ExpectedConditions.elementIfVisible(ExpectedConditions.java:314)
at org.openqa.selenium.support.ui.ExpectedConditions.access$000(ExpectedConditions.java:43)
at org.openqa.selenium.support.ui.ExpectedConditions$10.apply(ExpectedConditions.java:300)
at org.openqa.selenium.support.ui.ExpectedConditions$10.apply(ExpectedConditions.java:297)
at org.openqa.selenium.support.ui.FluentWait.until(FluentWait.java:249)
... 30 more
]]>
            </full-stacktrace>
          </exception> <!-- org.openqa.selenium.TimeoutException -->
          <reporter-output>
            <line>
              <![CDATA[STEP - *** Running test method testCustomerLogIn...]]>
            </line>
            <line>
              <![CDATA[TestNumber - TC_1]]>
            </line>
            <line>
              <![CDATA[Coverage - Verifies that a authorised client User can log in and see profile.]]>
            </line>
            <line>
              <![CDATA[CreateDate - 01/09/2021]]>
            </line>
            <line>
              <![CDATA[STEP - Launch Browser Successfully...]]>
            </line>
            <line>
              <![CDATA[STEP - Navigate to WMS Website Home Page.]]>
            </line>
            <line>
              <![CDATA[Verified - WMS Website Opened Successfully...]]>
            </line>
            <line>
              <![CDATA[Verified - Login Page is Displayed]]>
            </line>
            <line>
              <![CDATA[STEP - Enter blank Username, Set Password and Sign In]]>
            </line>
            <line>
              <![CDATA[STEP - Set - ]]>
            </line>
            <line>
              <![CDATA[STEP - Set - ]]>
            </line>
            <line>
              <![CDATA[STEP - Click - Sign In]]>
            </line>
            <line>
              <![CDATA[Verified - The input is not valid E-mail! - Message is Displayed]]>
            </line>
            <line>
              <![CDATA[STEP - Enter Valid Username, blank Password and Sign In]]>
            </line>
            <line>
              <![CDATA[STEP - Set - abhijeet@elsner.in]]>
            </line>
            <line>
              <![CDATA[STEP - Set - ]]>
            </line>
            <line>
              <![CDATA[STEP - Click - Sign In]]>
            </line>
            <line>
              <![CDATA[Verified - Please input your Password! - Message is Displayed]]>
            </line>
            <line>
              <![CDATA[STEP - Enter Invalid Username, Password and Sign In]]>
            </line>
            <line>
              <![CDATA[STEP - Set - abc@test.com]]>
            </line>
            <line>
              <![CDATA[STEP - Set - Test@123]]>
            </line>
            <line>
              <![CDATA[STEP - Click - Sign In]]>
            </line>
            <line>
              <![CDATA[STEP - *** Test execution testCustomerLogIn failed...]]>
            </line>
          </reporter-output>
        </test-method> <!-- testCustomerLogIn -->
        <test-method status="PASS" signature="testForgotPassword()[pri:0, instance:tests.wms.TestHomePage@4eb7f003]" name="testForgotPassword" duration-ms="15468" started-at="2021-09-20T12:38:20 IST" finished-at="2021-09-20T12:38:36 IST">
          <reporter-output>
            <line>
              <![CDATA[STEP - *** Running test method testForgotPassword...]]>
            </line>
            <line>
              <![CDATA[TestNumber - TC_2]]>
            </line>
            <line>
              <![CDATA[Coverage - Verifies that only authenticated user will be able to reset his password using valid email.]]>
            </line>
            <line>
              <![CDATA[CreateDate - 01/09/2021]]>
            </line>
            <line>
              <![CDATA[STEP - Launch Browser Successfully...]]>
            </line>
            <line>
              <![CDATA[STEP - Navigate to WMS Website Home Page.]]>
            </line>
            <line>
              <![CDATA[Verified - WMS Website Opened Successfully...]]>
            </line>
            <line>
              <![CDATA[Verified - Login Page is Displayed]]>
            </line>
            <line>
              <![CDATA[STEP - Navigate to Forgot Password]]>
            </line>
            <line>
              <![CDATA[STEP - Click Link As - Forgot Password?]]>
            </line>
            <line>
              <![CDATA[Verified - Forgotten Password is Displayed]]>
            </line>
            <line>
              <![CDATA[STEP - Enter blank Username and Submit]]>
            </line>
            <line>
              <![CDATA[STEP - Set - ]]>
            </line>
            <line>
              <![CDATA[STEP - Click - Submit]]>
            </line>
            <line>
              <![CDATA[Verified - Please input your E-mail! - Message is Displayed]]>
            </line>
            <line>
              <![CDATA[STEP - Enter Invalid Username and Submit]]>
            </line>
            <line>
              <![CDATA[STEP - Set - abc]]>
            </line>
            <line>
              <![CDATA[Verified - The input is not valid E-mail! - Message is Displayed]]>
            </line>
            <line>
              <![CDATA[STEP - Navigate Back to Log In]]>
            </line>
            <line>
              <![CDATA[STEP - Click Link As - Back to login]]>
            </line>
            <line>
              <![CDATA[Verified - Login Page is Displayed]]>
            </line>
            <line>
              <![CDATA[STEP - Closing Browser Successfully...]]>
            </line>
            <line>
              <![CDATA[STEP - *** Executed testForgotPassword test successfully...]]>
            </line>
          </reporter-output>
        </test-method> <!-- testForgotPassword -->
        <test-method status="FAIL" signature="testTier1UserProfileSection()[pri:0, instance:tests.wms.TestHomePage@4eb7f003]" name="testTier1UserProfileSection" duration-ms="41523" started-at="2021-09-20T12:38:36 IST" finished-at="2021-09-20T12:39:17 IST">
          <exception class="org.openqa.selenium.NoSuchElementException">
            <message>
              <![CDATA[no such element: Unable to locate element: {"method":"css selector","selector":"span.gx-avatar-name"}
  (Session info: headless chrome=93.0.4577.82)
For documentation on this error, please visit: https://www.seleniumhq.org/exceptions/no_such_element.html
Build info: version: '3.141.59', revision: 'e82be7d358', time: '2018-11-14T08:17:03'
System info: host: 'DESKTOP-0KBR3DP', ip: '192.168.239.87', os.name: 'Windows 10', os.arch: 'amd64', os.version: '10.0', java.version: '1.8.0_251'
Driver info: org.openqa.selenium.chrome.ChromeDriver
Capabilities {acceptInsecureCerts: false, browserName: chrome, browserVersion: 93.0.4577.82, chrome: {chromedriverVersion: 93.0.4577.63 (ff5c0da2ec0ad..., userDataDir: C:\Users\Lenovo\AppData\Loc...}, goog:chromeOptions: {debuggerAddress: localhost:49275}, javascriptEnabled: true, networkConnectionEnabled: false, pageLoadStrategy: normal, platform: WINDOWS, platformName: WINDOWS, proxy: Proxy(), setWindowRect: true, strictFileInteractability: false, timeouts: {implicit: 0, pageLoad: 300000, script: 30000}, unhandledPromptBehavior: dismiss and notify, webauthn:extension:credBlob: true, webauthn:extension:largeBlob: true, webauthn:virtualAuthenticators: true}
Session ID: 807eef8f4443bb77207c8328b0fe8201
*** Element info: {Using=css selector, value=span.gx-avatar-name}]]>
            </message>
            <full-stacktrace>
              <![CDATA[org.openqa.selenium.NoSuchElementException: no such element: Unable to locate element: {"method":"css selector","selector":"span.gx-avatar-name"}
  (Session info: headless chrome=93.0.4577.82)
For documentation on this error, please visit: https://www.seleniumhq.org/exceptions/no_such_element.html
Build info: version: '3.141.59', revision: 'e82be7d358', time: '2018-11-14T08:17:03'
System info: host: 'DESKTOP-0KBR3DP', ip: '192.168.239.87', os.name: 'Windows 10', os.arch: 'amd64', os.version: '10.0', java.version: '1.8.0_251'
Driver info: org.openqa.selenium.chrome.ChromeDriver
Capabilities {acceptInsecureCerts: false, browserName: chrome, browserVersion: 93.0.4577.82, chrome: {chromedriverVersion: 93.0.4577.63 (ff5c0da2ec0ad..., userDataDir: C:\Users\Lenovo\AppData\Loc...}, goog:chromeOptions: {debuggerAddress: localhost:49275}, javascriptEnabled: true, networkConnectionEnabled: false, pageLoadStrategy: normal, platform: WINDOWS, platformName: WINDOWS, proxy: Proxy(), setWindowRect: true, strictFileInteractability: false, timeouts: {implicit: 0, pageLoad: 300000, script: 30000}, unhandledPromptBehavior: dismiss and notify, webauthn:extension:credBlob: true, webauthn:extension:largeBlob: true, webauthn:virtualAuthenticators: true}
Session ID: 807eef8f4443bb77207c8328b0fe8201
*** Element info: {Using=css selector, value=span.gx-avatar-name}
at sun.reflect.NativeConstructorAccessorImpl.newInstance0(Native Method)
at sun.reflect.NativeConstructorAccessorImpl.newInstance(Unknown Source)
at sun.reflect.DelegatingConstructorAccessorImpl.newInstance(Unknown Source)
at java.lang.reflect.Constructor.newInstance(Unknown Source)
at org.openqa.selenium.remote.http.W3CHttpResponseCodec.createException(W3CHttpResponseCodec.java:187)
at org.openqa.selenium.remote.http.W3CHttpResponseCodec.decode(W3CHttpResponseCodec.java:122)
at org.openqa.selenium.remote.http.W3CHttpResponseCodec.decode(W3CHttpResponseCodec.java:49)
at org.openqa.selenium.remote.HttpCommandExecutor.execute(HttpCommandExecutor.java:158)
at org.openqa.selenium.remote.service.DriverCommandExecutor.execute(DriverCommandExecutor.java:83)
at org.openqa.selenium.remote.RemoteWebDriver.execute(RemoteWebDriver.java:552)
at org.openqa.selenium.remote.RemoteWebDriver.findElement(RemoteWebDriver.java:323)
at org.openqa.selenium.remote.RemoteWebDriver.findElementByCssSelector(RemoteWebDriver.java:420)
at org.openqa.selenium.By$ByCssSelector.findElement(By.java:431)
at org.openqa.selenium.remote.RemoteWebDriver.findElement(RemoteWebDriver.java:315)
at org.openqa.selenium.support.pagefactory.DefaultElementLocator.findElement(DefaultElementLocator.java:69)
at org.openqa.selenium.support.pagefactory.internal.LocatingElementHandler.invoke(LocatingElementHandler.java:38)
at com.sun.proxy.$Proxy7.getText(Unknown Source)
at pages.wms.Tier1DashBoardPage.getWelcomeMessage(Tier1DashBoardPage.java:57)
at tests.wms.TestHomePage.testTier1UserProfileSection(TestHomePage.java:134)
at sun.reflect.NativeMethodAccessorImpl.invoke0(Native Method)
at sun.reflect.NativeMethodAccessorImpl.invoke(Unknown Source)
at sun.reflect.DelegatingMethodAccessorImpl.invoke(Unknown Source)
at java.lang.reflect.Method.invoke(Unknown Source)
at org.testng.internal.MethodInvocationHelper.invokeMethod(MethodInvocationHelper.java:133)
at org.testng.internal.TestInvoker.invokeMethod(TestInvoker.java:598)
at org.testng.internal.TestInvoker.invokeTestMethod(TestInvoker.java:173)
at org.testng.internal.MethodRunner.runInSequence(MethodRunner.java:46)
at org.testng.internal.TestInvoker$MethodInvocationAgent.invoke(TestInvoker.java:824)
at org.testng.internal.TestInvoker.invokeTestMethods(TestInvoker.java:146)
at org.testng.internal.TestMethodWorker.invokeTestMethods(TestMethodWorker.java:146)
at org.testng.internal.TestMethodWorker.run(TestMethodWorker.java:128)
at java.util.ArrayList.forEach(Unknown Source)
at org.testng.TestRunner.privateRun(TestRunner.java:794)
at org.testng.TestRunner.run(TestRunner.java:596)
at org.testng.SuiteRunner.runTest(SuiteRunner.java:377)
at org.testng.SuiteRunner.runSequentially(SuiteRunner.java:371)
at org.testng.SuiteRunner.privateRun(SuiteRunner.java:332)
at org.testng.SuiteRunner.run(SuiteRunner.java:276)
at org.testng.SuiteRunnerWorker.runSuite(SuiteRunnerWorker.java:53)
at org.testng.SuiteRunnerWorker.run(SuiteRunnerWorker.java:96)
at org.testng.TestNG.runSuitesSequentially(TestNG.java:1212)
at org.testng.TestNG.runSuitesLocally(TestNG.java:1134)
at org.testng.TestNG.runSuites(TestNG.java:1063)
at org.testng.TestNG.run(TestNG.java:1031)
at org.testng.remote.AbstractRemoteTestNG.run(AbstractRemoteTestNG.java:115)
at org.testng.remote.RemoteTestNG.initAndRun(RemoteTestNG.java:251)
at org.testng.remote.RemoteTestNG.main(RemoteTestNG.java:77)
]]>
            </full-stacktrace>
          </exception> <!-- org.openqa.selenium.NoSuchElementException -->
          <reporter-output>
            <line>
              <![CDATA[STEP - *** Running test method testTier1UserProfileSection...]]>
            </line>
            <line>
              <![CDATA[TestNumber - TC_4]]>
            </line>
            <line>
              <![CDATA[Coverage - Verifies that Tier 1 user can see user profile from My profile section of Tier 1 Dashboard.]]>
            </line>
            <line>
              <![CDATA[CreateDate - 02/09/2021]]>
            </line>
            <line>
              <![CDATA[STEP - Launch Browser Successfully...]]>
            </line>
            <line>
              <![CDATA[STEP - Navigate to WMS Website Home Page.]]>
            </line>
            <line>
              <![CDATA[Verified - WMS Website Opened Successfully...]]>
            </line>
            <line>
              <![CDATA[Verified - Login Page is Displayed]]>
            </line>
            <line>
              <![CDATA[STEP - Enter Valid Username, Password and Sign In]]>
            </line>
            <line>
              <![CDATA[STEP - Set - abhijeet@elsner.in]]>
            </line>
            <line>
              <![CDATA[STEP - Set - Test@123]]>
            </line>
            <line>
              <![CDATA[STEP - Click - Sign In]]>
            </line>
            <line>
              <![CDATA[STEP - *** Test execution testTier1UserProfileSection failed...]]>
            </line>
          </reporter-output>
        </test-method> <!-- testTier1UserProfileSection -->
        <test-method status="FAIL" signature="testVerifyTier1DashboardLinks()[pri:0, instance:tests.wms.TestHomePage@4eb7f003]" name="testVerifyTier1DashboardLinks" duration-ms="42152" started-at="2021-09-20T12:39:17 IST" finished-at="2021-09-20T12:40:00 IST">
          <exception class="org.openqa.selenium.NoSuchElementException">
            <message>
              <![CDATA[no such element: Unable to locate element: {"method":"css selector","selector":"span.gx-avatar-name"}
  (Session info: headless chrome=93.0.4577.82)
For documentation on this error, please visit: https://www.seleniumhq.org/exceptions/no_such_element.html
Build info: version: '3.141.59', revision: 'e82be7d358', time: '2018-11-14T08:17:03'
System info: host: 'DESKTOP-0KBR3DP', ip: '192.168.239.87', os.name: 'Windows 10', os.arch: 'amd64', os.version: '10.0', java.version: '1.8.0_251'
Driver info: org.openqa.selenium.chrome.ChromeDriver
Capabilities {acceptInsecureCerts: false, browserName: chrome, browserVersion: 93.0.4577.82, chrome: {chromedriverVersion: 93.0.4577.63 (ff5c0da2ec0ad..., userDataDir: C:\Users\Lenovo\AppData\Loc...}, goog:chromeOptions: {debuggerAddress: localhost:65359}, javascriptEnabled: true, networkConnectionEnabled: false, pageLoadStrategy: normal, platform: WINDOWS, platformName: WINDOWS, proxy: Proxy(), setWindowRect: true, strictFileInteractability: false, timeouts: {implicit: 0, pageLoad: 300000, script: 30000}, unhandledPromptBehavior: dismiss and notify, webauthn:extension:credBlob: true, webauthn:extension:largeBlob: true, webauthn:virtualAuthenticators: true}
Session ID: 9bf2519c65920ab13ab1b4910fc9b1fa
*** Element info: {Using=css selector, value=span.gx-avatar-name}]]>
            </message>
            <full-stacktrace>
              <![CDATA[org.openqa.selenium.NoSuchElementException: no such element: Unable to locate element: {"method":"css selector","selector":"span.gx-avatar-name"}
  (Session info: headless chrome=93.0.4577.82)
For documentation on this error, please visit: https://www.seleniumhq.org/exceptions/no_such_element.html
Build info: version: '3.141.59', revision: 'e82be7d358', time: '2018-11-14T08:17:03'
System info: host: 'DESKTOP-0KBR3DP', ip: '192.168.239.87', os.name: 'Windows 10', os.arch: 'amd64', os.version: '10.0', java.version: '1.8.0_251'
Driver info: org.openqa.selenium.chrome.ChromeDriver
Capabilities {acceptInsecureCerts: false, browserName: chrome, browserVersion: 93.0.4577.82, chrome: {chromedriverVersion: 93.0.4577.63 (ff5c0da2ec0ad..., userDataDir: C:\Users\Lenovo\AppData\Loc...}, goog:chromeOptions: {debuggerAddress: localhost:65359}, javascriptEnabled: true, networkConnectionEnabled: false, pageLoadStrategy: normal, platform: WINDOWS, platformName: WINDOWS, proxy: Proxy(), setWindowRect: true, strictFileInteractability: false, timeouts: {implicit: 0, pageLoad: 300000, script: 30000}, unhandledPromptBehavior: dismiss and notify, webauthn:extension:credBlob: true, webauthn:extension:largeBlob: true, webauthn:virtualAuthenticators: true}
Session ID: 9bf2519c65920ab13ab1b4910fc9b1fa
*** Element info: {Using=css selector, value=span.gx-avatar-name}
at sun.reflect.NativeConstructorAccessorImpl.newInstance0(Native Method)
at sun.reflect.NativeConstructorAccessorImpl.newInstance(Unknown Source)
at sun.reflect.DelegatingConstructorAccessorImpl.newInstance(Unknown Source)
at java.lang.reflect.Constructor.newInstance(Unknown Source)
at org.openqa.selenium.remote.http.W3CHttpResponseCodec.createException(W3CHttpResponseCodec.java:187)
at org.openqa.selenium.remote.http.W3CHttpResponseCodec.decode(W3CHttpResponseCodec.java:122)
at org.openqa.selenium.remote.http.W3CHttpResponseCodec.decode(W3CHttpResponseCodec.java:49)
at org.openqa.selenium.remote.HttpCommandExecutor.execute(HttpCommandExecutor.java:158)
at org.openqa.selenium.remote.service.DriverCommandExecutor.execute(DriverCommandExecutor.java:83)
at org.openqa.selenium.remote.RemoteWebDriver.execute(RemoteWebDriver.java:552)
at org.openqa.selenium.remote.RemoteWebDriver.findElement(RemoteWebDriver.java:323)
at org.openqa.selenium.remote.RemoteWebDriver.findElementByCssSelector(RemoteWebDriver.java:420)
at org.openqa.selenium.By$ByCssSelector.findElement(By.java:431)
at org.openqa.selenium.remote.RemoteWebDriver.findElement(RemoteWebDriver.java:315)
at org.openqa.selenium.support.pagefactory.DefaultElementLocator.findElement(DefaultElementLocator.java:69)
at org.openqa.selenium.support.pagefactory.internal.LocatingElementHandler.invoke(LocatingElementHandler.java:38)
at com.sun.proxy.$Proxy7.getText(Unknown Source)
at pages.wms.Tier1DashBoardPage.getWelcomeMessage(Tier1DashBoardPage.java:57)
at tests.wms.TestHomePage.testVerifyTier1DashboardLinks(TestHomePage.java:114)
at sun.reflect.NativeMethodAccessorImpl.invoke0(Native Method)
at sun.reflect.NativeMethodAccessorImpl.invoke(Unknown Source)
at sun.reflect.DelegatingMethodAccessorImpl.invoke(Unknown Source)
at java.lang.reflect.Method.invoke(Unknown Source)
at org.testng.internal.MethodInvocationHelper.invokeMethod(MethodInvocationHelper.java:133)
at org.testng.internal.TestInvoker.invokeMethod(TestInvoker.java:598)
at org.testng.internal.TestInvoker.invokeTestMethod(TestInvoker.java:173)
at org.testng.internal.MethodRunner.runInSequence(MethodRunner.java:46)
at org.testng.internal.TestInvoker$MethodInvocationAgent.invoke(TestInvoker.java:824)
at org.testng.internal.TestInvoker.invokeTestMethods(TestInvoker.java:146)
at org.testng.internal.TestMethodWorker.invokeTestMethods(TestMethodWorker.java:146)
at org.testng.internal.TestMethodWorker.run(TestMethodWorker.java:128)
at java.util.ArrayList.forEach(Unknown Source)
at org.testng.TestRunner.privateRun(TestRunner.java:794)
at org.testng.TestRunner.run(TestRunner.java:596)
at org.testng.SuiteRunner.runTest(SuiteRunner.java:377)
at org.testng.SuiteRunner.runSequentially(SuiteRunner.java:371)
at org.testng.SuiteRunner.privateRun(SuiteRunner.java:332)
at org.testng.SuiteRunner.run(SuiteRunner.java:276)
at org.testng.SuiteRunnerWorker.runSuite(SuiteRunnerWorker.java:53)
at org.testng.SuiteRunnerWorker.run(SuiteRunnerWorker.java:96)
at org.testng.TestNG.runSuitesSequentially(TestNG.java:1212)
at org.testng.TestNG.runSuitesLocally(TestNG.java:1134)
at org.testng.TestNG.runSuites(TestNG.java:1063)
at org.testng.TestNG.run(TestNG.java:1031)
at org.testng.remote.AbstractRemoteTestNG.run(AbstractRemoteTestNG.java:115)
at org.testng.remote.RemoteTestNG.initAndRun(RemoteTestNG.java:251)
at org.testng.remote.RemoteTestNG.main(RemoteTestNG.java:77)
]]>
            </full-stacktrace>
          </exception> <!-- org.openqa.selenium.NoSuchElementException -->
          <reporter-output>
            <line>
              <![CDATA[STEP - *** Running test method testVerifyTier1DashboardLinks...]]>
            </line>
            <line>
              <![CDATA[TestNumber - TC_3]]>
            </line>
            <line>
              <![CDATA[Coverage - Verifies that Tier 1 Dashboard hyperlinks are accessible.]]>
            </line>
            <line>
              <![CDATA[CreateDate - 01/09/2021]]>
            </line>
            <line>
              <![CDATA[STEP - Launch Browser Successfully...]]>
            </line>
            <line>
              <![CDATA[STEP - Navigate to WMS Website Home Page.]]>
            </line>
            <line>
              <![CDATA[Verified - WMS Website Opened Successfully...]]>
            </line>
            <line>
              <![CDATA[Verified - Login Page is Displayed]]>
            </line>
            <line>
              <![CDATA[STEP - Enter Valid Username, Password and Sign In]]>
            </line>
            <line>
              <![CDATA[STEP - Set - abhijeet@elsner.in]]>
            </line>
            <line>
              <![CDATA[STEP - Set - Test@123]]>
            </line>
            <line>
              <![CDATA[STEP - Click - Sign In]]>
            </line>
            <line>
              <![CDATA[STEP - *** Test execution testVerifyTier1DashboardLinks failed...]]>
            </line>
          </reporter-output>
        </test-method> <!-- testVerifyTier1DashboardLinks -->
      </class> <!-- tests.wms.TestHomePage -->
    </test> <!-- Tests -->
  </suite> <!-- TestSuite -->
</testng-results>
