<?xml version="1.0" encoding="UTF-8"?>
<!-- Generated by org.testng.reporters.JUnitReportReporter -->
<testsuite skipped="0" hostname="DESKTOP-0KBR3DP" name="tests.wms.DemoTest" tests="1" failures="0" timestamp="2021-09-22T12:26:26 IST" time="121.979" errors="1">
  <testcase name="testCreateEditAndDeleteUserFromManageUserSection" time="121.979" classname="tests.wms.DemoTest">
    <error type="org.openqa.selenium.NoSuchElementException" message="no such element: Unable to locate element: {&quot;method&quot;:&quot;css selector&quot;,&quot;selector&quot;:&quot;div.ant-empty-description&quot;}
  (Session info: chrome=93.0.4577.82)
For documentation on this error, please visit: https://www.seleniumhq.org/exceptions/no_such_element.html
Build info: version: &#039;3.141.59&#039;, revision: &#039;e82be7d358&#039;, time: &#039;2018-11-14T08:17:03&#039;
System info: host: &#039;DESKTOP-0KBR3DP&#039;, ip: &#039;192.168.239.87&#039;, os.name: &#039;Windows 10&#039;, os.arch: &#039;amd64&#039;, os.version: &#039;10.0&#039;, java.version: &#039;1.8.0_251&#039;
Driver info: org.openqa.selenium.chrome.ChromeDriver
Capabilities {acceptInsecureCerts: false, browserName: chrome, browserVersion: 93.0.4577.82, chrome: {chromedriverVersion: 93.0.4577.63 (ff5c0da2ec0ad..., userDataDir: C:\Users\Lenovo\AppData\Loc...}, goog:chromeOptions: {debuggerAddress: localhost:65151}, javascriptEnabled: true, networkConnectionEnabled: false, pageLoadStrategy: normal, platform: WINDOWS, platformName: WINDOWS, proxy: Proxy(), setWindowRect: true, strictFileInteractability: false, timeouts: {implicit: 0, pageLoad: 300000, script: 30000}, unhandledPromptBehavior: dismiss and notify, webauthn:extension:credBlob: true, webauthn:extension:largeBlob: true, webauthn:virtualAuthenticators: true}
Session ID: 8c16038e517cdf516940c76675009d8e
*** Element info: {Using=css selector, value=div.ant-empty-description}">
      <![CDATA[org.openqa.selenium.NoSuchElementException: no such element: Unable to locate element: {"method":"css selector","selector":"div.ant-empty-description"}
  (Session info: chrome=93.0.4577.82)
For documentation on this error, please visit: https://www.seleniumhq.org/exceptions/no_such_element.html
Build info: version: '3.141.59', revision: 'e82be7d358', time: '2018-11-14T08:17:03'
System info: host: 'DESKTOP-0KBR3DP', ip: '192.168.239.87', os.name: 'Windows 10', os.arch: 'amd64', os.version: '10.0', java.version: '1.8.0_251'
Driver info: org.openqa.selenium.chrome.ChromeDriver
Capabilities {acceptInsecureCerts: false, browserName: chrome, browserVersion: 93.0.4577.82, chrome: {chromedriverVersion: 93.0.4577.63 (ff5c0da2ec0ad..., userDataDir: C:\Users\Lenovo\AppData\Loc...}, goog:chromeOptions: {debuggerAddress: localhost:65151}, javascriptEnabled: true, networkConnectionEnabled: false, pageLoadStrategy: normal, platform: WINDOWS, platformName: WINDOWS, proxy: Proxy(), setWindowRect: true, strictFileInteractability: false, timeouts: {implicit: 0, pageLoad: 300000, script: 30000}, unhandledPromptBehavior: dismiss and notify, webauthn:extension:credBlob: true, webauthn:extension:largeBlob: true, webauthn:virtualAuthenticators: true}
Session ID: 8c16038e517cdf516940c76675009d8e
*** Element info: {Using=css selector, value=div.ant-empty-description}
at sun.reflect.NativeConstructorAccessorImpl.newInstance0(Native Method)
at sun.reflect.NativeConstructorAccessorImpl.newInstance(NativeConstructorAccessorImpl.java:62)
at sun.reflect.DelegatingConstructorAccessorImpl.newInstance(DelegatingConstructorAccessorImpl.java:45)
at java.lang.reflect.Constructor.newInstance(Constructor.java:423)
at org.openqa.selenium.remote.http.W3CHttpResponseCodec.createException(W3CHttpResponseCodec.java:187)
at org.openqa.selenium.remote.http.W3CHttpResponseCodec.decode(W3CHttpResponseCodec.java:122)
at org.openqa.selenium.remote.http.W3CHttpResponseCodec.decode(W3CHttpResponseCodec.java:49)
at org.openqa.selenium.remote.HttpCommandExecutor.execute(HttpCommandExecutor.java:158)
at org.openqa.selenium.remote.service.DriverCommandExecutor.execute(DriverCommandExecutor.java:83)
at org.openqa.selenium.remote.RemoteWebDriver.execute(RemoteWebDriver.java:552)
at org.openqa.selenium.remote.RemoteWebDriver.findElement(RemoteWebDriver.java:323)
at org.openqa.selenium.remote.RemoteWebDriver.findElementByCssSelector(RemoteWebDriver.java:420)
at org.openqa.selenium.By$ByCssSelector.findElement(By.java:431)
at org.openqa.selenium.remote.RemoteWebDriver.findElement(RemoteWebDriver.java:315)
at org.openqa.selenium.support.pagefactory.DefaultElementLocator.findElement(DefaultElementLocator.java:69)
at org.openqa.selenium.support.pagefactory.internal.LocatingElementHandler.invoke(LocatingElementHandler.java:38)
at com.sun.proxy.$Proxy7.isDisplayed(Unknown Source)
at framework.CommonPage.isNoDataFoundMessageDisplayed(CommonPage.java:135)
at tests.wms.DemoTest.testCreateEditAndDeleteUserFromManageUserSection(DemoTest.java:140)
at sun.reflect.NativeMethodAccessorImpl.invoke0(Native Method)
at sun.reflect.NativeMethodAccessorImpl.invoke(NativeMethodAccessorImpl.java:62)
at sun.reflect.DelegatingMethodAccessorImpl.invoke(DelegatingMethodAccessorImpl.java:43)
at java.lang.reflect.Method.invoke(Method.java:498)
at org.testng.internal.MethodInvocationHelper.invokeMethod(MethodInvocationHelper.java:133)
at org.testng.internal.TestInvoker.invokeMethod(TestInvoker.java:598)
at org.testng.internal.TestInvoker.invokeTestMethod(TestInvoker.java:173)
at org.testng.internal.MethodRunner.runInSequence(MethodRunner.java:46)
at org.testng.internal.TestInvoker$MethodInvocationAgent.invoke(TestInvoker.java:824)
at org.testng.internal.TestInvoker.invokeTestMethods(TestInvoker.java:146)
at org.testng.internal.TestMethodWorker.invokeTestMethods(TestMethodWorker.java:146)
at org.testng.internal.TestMethodWorker.run(TestMethodWorker.java:128)
at java.util.ArrayList.forEach(ArrayList.java:1257)
at org.testng.TestRunner.privateRun(TestRunner.java:794)
at org.testng.TestRunner.run(TestRunner.java:596)
at org.testng.SuiteRunner.runTest(SuiteRunner.java:377)
at org.testng.SuiteRunner.runSequentially(SuiteRunner.java:371)
at org.testng.SuiteRunner.privateRun(SuiteRunner.java:332)
at org.testng.SuiteRunner.run(SuiteRunner.java:276)
at org.testng.SuiteRunnerWorker.runSuite(SuiteRunnerWorker.java:53)
at org.testng.SuiteRunnerWorker.run(SuiteRunnerWorker.java:96)
at org.testng.TestNG.runSuitesSequentially(TestNG.java:1212)
at org.testng.TestNG.runSuitesLocally(TestNG.java:1134)
at org.testng.TestNG.runSuites(TestNG.java:1063)
at org.testng.TestNG.run(TestNG.java:1031)
at org.testng.remote.AbstractRemoteTestNG.run(AbstractRemoteTestNG.java:115)
at org.testng.remote.RemoteTestNG.initAndRun(RemoteTestNG.java:251)
at org.testng.remote.RemoteTestNG.main(RemoteTestNG.java:77)
]]>
    </error>
  </testcase> <!-- testCreateEditAndDeleteUserFromManageUserSection -->
  <system-out>
    <![CDATA[STEP - *** Running test method testCreateEditAndDeleteUserFromManageUserSection...
TestNumber - TC_5
Coverage - Verifies that Tier 1 user can create, edit and delete user from Manage Users Section.
CreateDate - 03/09/2021
STEP - Launch Browser Successfully...
STEP - Navigate to WMS Website Home Page
Verified - WMS Website Opened Successfully...
Verified - Login Page is Displayed
STEP - Enter Valid Username, Password and Sign In
STEP - Set - abhijeet@elsner.in
STEP - Set - Test@123
STEP - Click - Sign In
Verified - Welcome Automation User! - Welcome Message is Displayed
STEP - Go to Manage Users Section
STEP - Open Users Section
STEP - Click - Users
STEP - Open Manage Users Section
STEP - Click - Manage Users
Verified - Users List Page is Displayed
STEP - Create new user
STEP - Click - Create New User
Verified - CREATE NEW USER Page is Displayed
STEP - Create User with Blank Data
STEP - Click - Submit
Verified - Please enter your First name! - Message is Displayed
Verified - Please input your Last name! - Message is Displayed
Verified - Please select the Role! - Message is Displayed
Verified - Please select the Template! - Message is Displayed
Verified - The input is not valid E-mail! - Message is Displayed
Verified - Please enter your Phone Number! - Message is Displayed
Verified - Please enter the shift! - Message is Displayed
STEP - Click - Cancel
Verified - Users List Page is Displayed
STEP - Create new user
STEP - Click - Create New User
Verified - CREATE NEW USER Page is Displayed
STEP - Fill new user create data
STEP - Set - Test_Automation_FirstName
STEP - Set - Test_Automation_LastName
STEP - Click - 
STEP - Click - Tier1
STEP - Set - email_0922122458938@test.com
STEP - Set - 0922122458
STEP - Select Company in List
STEP - Click - 
STEP - Click - 
STEP - Click - 
STEP - Click - Template 1
STEP - Click - Submit
STEP - Validate newly created User Details
Verified - Users List Page is Displayed
STEP - Searching User using seach text as 0922122458
STEP - Set - 0922122458
STEP - Click - 
Verified - Test_Automation_FirstName is Displayed Successfully
Verified - Test_Automation_LastName is Displayed Successfully
Verified - Tier1 Role is Displayed Successfully
Verified - email_0922122458938@test.com is Displayed Successfully
Verified - 0922122458 is Displayed Successfully
Verified - Day Shift is Displayed Successfully
Verified - Template1 is Displayed Successfully
Verified - Active Status is Displayed Successfully
STEP - Edit User Details
STEP - Click - 
Verified - EDIT PROFILE Page is Displayed
STEP - Change User Status as Inactive
STEP - Click - 
STEP - Click - Save
Verified - Please enter note! - Message is Displayed
STEP - Change User Status as Suspended
STEP - Click - 
STEP - Click - Save
Verified - Please enter note! - Message is Displayed
STEP - Enter Note
STEP - Set - Setting Note before Inactivating account
STEP - Click - 
STEP - Click - Save
STEP - Validate newly edited User Details
Verified - Users List Page is Displayed
STEP - Searching User using seach text as 0922122458
STEP - Set - 0922122458
STEP - Click - 
Verified - Inactive Status is Displayed Successfully
STEP - Delete newly created user
STEP - Click - 
STEP - Click - Yes
STEP - Searching User using seach text as email_0922122458938@test.com
STEP - Set - email_0922122458938@test.com
STEP - Click - 
STEP - *** Test execution testCreateEditAndDeleteUserFromManageUserSection failed...]]>
  </system-out>
</testsuite> <!-- tests.wms.DemoTest -->
